Table 1 CATCH IN NUMBER

Units  :  thousands 
   year
age     1992     1993    1994    1995    1996   1997    1998    1999    2000
  0 10331300 10265400 4498900 7438469 2311226 431175  259526 1566349 1105085
  1  2303100  3826800 1785200 1664874 1606393 479702  977680  303520 1171677
  2  1284900  1176300 1783200 1444061  642084 687920 1220105  616354  622853
  3   442700   609000  489100  816703  525601 446909  537932 1058716  463170
  4   361500   305500  347600  231794  172099 284920  276333  294066  646814
  5   360500   215600  109000  118536   57586 109178  175817  135648  213466
  6   375600   226000   91800   55128   22534  31389   88927   69299   82481
  7   152400   188000   76400   41409    9264  11832   15232   27998   35706
  8    62500   129000  116600   98200   21143  24467   20550   12228   17087
   year
age    2001   2002    2003    2004    2005   2006   2007   2008   2009   2010
  0 1832691 730279  369074  715597 1015554 878637 621005 798284 650043 574895
  1  614469 837557  617021  206648  715547 222111 235553 235022 175923 280728
  2  842635 579592 1221992  447918  355453 401087 219115 331772 259434 293887
  3  485628 970577  529386 1366155  485746 310602 417452 184771 106738 236804
  4  278884 292205  835552  543376 1318647 464620 285746 199069  93321 126241
  5  321743 140701  244780  753231  479961 997782 309454 137529  86137  83893
  6   90918 174570  107751  169324  576154 252150 629187 118349  37951  61542
  7   38252  48908  123291  104945  115212 247042 147830 215542  53130  33305
  8   20602  43322   46715   97142  146808 106412 156750 117258 143131 113675
   year
age   2011
  0 778927
  1 159504
  2 367820
  3 275016
  4 218711
  5 130127
  6  62938
  7  52081
  8 125734


Table 2 WEIGHTS AT AGE IN THE CATCH

Units  :  kg 
   year
age   1992   1993   1994   1995   1996   1997   1998   1999   2000   2001
  0 0.0100 0.0100 0.0060 0.0090 0.0150 0.0150 0.0210 0.0090 0.0150 0.0120
  1 0.0530 0.0330 0.0560 0.0420 0.0180 0.0440 0.0510 0.0450 0.0330 0.0480
  2 0.1020 0.1150 0.1300 0.1300 0.1120 0.1080 0.1140 0.1150 0.1130 0.1180
  3 0.1750 0.1450 0.1590 0.1690 0.1560 0.1480 0.1450 0.1510 0.1570 0.1490
  4 0.1890 0.1890 0.1810 0.1980 0.1880 0.1950 0.1830 0.1710 0.1790 0.1770
  5 0.2070 0.2040 0.2140 0.2070 0.2040 0.2270 0.2190 0.2070 0.2010 0.1980
  6 0.2230 0.2280 0.2400 0.2430 0.2120 0.2260 0.2380 0.2330 0.2160 0.2130
  7 0.2370 0.2440 0.2550 0.2470 0.2610 0.2350 0.2470 0.2450 0.2460 0.2380
  8 0.2632 0.2735 0.2762 0.2809 0.2815 0.2549 0.2879 0.2677 0.2731 0.2697
   year
age   2002   2003   2004   2005  2006   2007   2008   2009   2010   2011
  0 0.0120 0.0140 0.0140 0.0110 0.010 0.0124 0.0079 0.0094 0.0075 0.0080
  1 0.0370 0.0370 0.0360 0.0440 0.049 0.0638 0.0535 0.0514 0.0571 0.0413
  2 0.1180 0.1040 0.1000 0.0990 0.117 0.1214 0.1288 0.1440 0.1292 0.1317
  3 0.1530 0.1580 0.1380 0.1530 0.144 0.1513 0.1796 0.1811 0.1669 0.1593
  4 0.1700 0.1740 0.1830 0.1660 0.172 0.1634 0.1812 0.2158 0.1912 0.1831
  5 0.1990 0.1840 0.2010 0.2080 0.181 0.1933 0.1832 0.2162 0.2203 0.1970
  6 0.2140 0.2050 0.2160 0.2230 0.220 0.1900 0.2157 0.2390 0.2193 0.2167
  7 0.2280 0.2220 0.2280 0.2400 0.237 0.2232 0.2161 0.2428 0.2160 0.2211
  8 0.2504 0.2366 0.2545 0.2654 0.246 0.2375 0.2621 0.2533 0.2384 0.2319


Table 3 WEIGHTS AT AGE IN THE STOCK

Units  :  kg 
   year
age    1992     1993     1994    1995   1996    1997     1998    1999     2000
  0 0.01033 0.005667 0.007333 0.00600 0.0060 0.00500 0.005667 0.00600 0.005667
  1 0.06367 0.061000 0.060000 0.05733 0.0540 0.04867 0.047333 0.05067 0.051333
  2 0.13667 0.134000 0.126333 0.12933 0.1297 0.12333 0.116000 0.11600 0.115667
  3 0.19400 0.184333 0.191667 0.18567 0.1993 0.18333 0.187333 0.17933 0.183667
  4 0.21400 0.213000 0.214333 0.21067 0.2273 0.23033 0.241333 0.22633 0.221333
  5 0.23433 0.234333 0.239667 0.22433 0.2343 0.23733 0.264333 0.25600 0.248333
  6 0.25300 0.261667 0.274667 0.26800 0.2737 0.25667 0.283667 0.27333 0.278667
  7 0.27167 0.272667 0.291333 0.29333 0.3007 0.28033 0.286667 0.27600 0.286000
  8 0.29870 0.307936 0.320524 0.32614 0.3271 0.31004 0.308339 0.27812 0.284171
   year
age    2001     2002     2003     2004     2005     2006    2007     2008
  0 0.00600 0.006333 0.006667 0.006667 0.005733 0.006767 0.00610 0.007933
  1 0.05067 0.047333 0.047000 0.042000 0.041433 0.041000 0.05133 0.057700
  2 0.12167 0.128000 0.123000 0.119333 0.118100 0.125667 0.12800 0.130367
  3 0.17167 0.171667 0.173000 0.165333 0.164433 0.155400 0.16073 0.164200
  4 0.21000 0.205333 0.202333 0.202667 0.197900 0.190900 0.17957 0.180767
  5 0.23267 0.228333 0.222000 0.223000 0.224500 0.215800 0.20680 0.195433
  6 0.25533 0.248333 0.242333 0.247667 0.247833 0.241900 0.22357 0.217700
  7 0.27467 0.270333 0.265667 0.267667 0.264867 0.252133 0.23780 0.226067
  8 0.27449 0.286521 0.284946 0.280490 0.284945 0.270223 0.25648 0.255556
   year
age     2009     2010     2011
  0 0.007233 0.007133 0.006667
  1 0.061433 0.052233 0.043167
  2 0.137367 0.142267 0.145300
  3 0.181000 0.190367 0.187433
  4 0.196867 0.216267 0.225067
  5 0.209967 0.223600 0.239367
  6 0.222500 0.234200 0.243500
  7 0.233633 0.240100 0.250767
  8 0.255760 0.260683 0.257248


Table 4 NATURAL MORTALITY

Units  :  NA 
   year
age   1992   1993   1994   1995   1996   1997   1998   1999   2000   2001
  0 0.8486 0.8324 0.8089 0.7962 0.7965 0.8004 0.8091 0.8315 0.8635 0.8871
  1 0.7726 0.7495 0.7167 0.6950 0.6869 0.6818 0.6803 0.6913 0.7113 0.7220
  2 0.3457 0.3462 0.3477 0.3509 0.3571 0.3657 0.3743 0.3869 0.4028 0.4126
  3 0.3069 0.3097 0.3152 0.3207 0.3274 0.3363 0.3447 0.3550 0.3672 0.3753
  4 0.2879 0.2901 0.2949 0.3000 0.3073 0.3173 0.3267 0.3374 0.3501 0.3587
  5 0.2703 0.2727 0.2771 0.2822 0.2900 0.3007 0.3106 0.3222 0.3361 0.3454
  6 0.2680 0.2714 0.2769 0.2828 0.2906 0.3009 0.3104 0.3215 0.3345 0.3432
  7 0.2623 0.2672 0.2743 0.2813 0.2893 0.2992 0.3085 0.3196 0.3327 0.3412
  8 0.2623 0.2672 0.2743 0.2813 0.2893 0.2992 0.3085 0.3196 0.3327 0.3412
   year
age   2002   2003   2004   2005   2006   2007   2008   2009   2010   2011
  0 0.9022 0.9181 0.9312 0.9417 0.9515 0.9590 0.9629 0.9640 0.9631 0.9601
  1 0.7236 0.7255 0.7229 0.7159 0.7068 0.6940 0.6761 0.6539 0.6284 0.6719
  2 0.4165 0.4190 0.4182 0.4141 0.4078 0.3985 0.3857 0.3694 0.3504 0.3824
  3 0.3791 0.3819 0.3820 0.3795 0.3753 0.3688 0.3596 0.3480 0.3343 0.3572
  4 0.3633 0.3668 0.3678 0.3665 0.3634 0.3582 0.3507 0.3408 0.3289 0.3484
  5 0.3501 0.3536 0.3544 0.3524 0.3484 0.3420 0.3329 0.3212 0.3071 0.3303
  6 0.3475 0.3505 0.3507 0.3482 0.3436 0.3367 0.3270 0.3147 0.3001 0.3244
  7 0.3453 0.3481 0.3479 0.3447 0.3395 0.3317 0.3211 0.3077 0.2918 0.3183
  8 0.3453 0.3481 0.3479 0.3447 0.3395 0.3317 0.3211 0.3077 0.2918 0.3183


Table 5 PROPORTION MATURE

Units  :  NA 
   year
age 1992 1993 1994 1995 1996 1997 1998 1999 2000 2001 2002 2003 2004 2005 2006
  0 0.00 0.00 0.00 0.00 0.00 0.00 0.00 0.00 0.00 0.00 0.00 0.00 0.00 0.00 0.00
  1 0.00 0.00 0.00 0.00 0.00 0.00 0.00 0.00 0.00 0.00 0.00 0.00 0.00 0.00 0.00
  2 0.50 0.47 0.73 0.67 0.61 0.64 0.64 0.69 0.67 0.77 0.87 0.43 0.70 0.76 0.66
  3 0.99 0.61 0.93 0.95 0.98 0.94 0.89 0.91 0.96 0.92 0.97 0.93 0.65 0.96 0.88
  4 1.00 1.00 1.00 1.00 1.00 1.00 1.00 1.00 1.00 1.00 1.00 1.00 1.00 0.96 0.98
  5 1.00 1.00 1.00 1.00 1.00 1.00 1.00 1.00 1.00 1.00 1.00 1.00 1.00 1.00 1.00
  6 1.00 1.00 1.00 1.00 1.00 1.00 1.00 1.00 1.00 1.00 1.00 1.00 1.00 1.00 1.00
  7 1.00 1.00 1.00 1.00 1.00 1.00 1.00 1.00 1.00 1.00 1.00 1.00 1.00 1.00 1.00
  8 1.00 1.00 1.00 1.00 1.00 1.00 1.00 1.00 1.00 1.00 1.00 1.00 1.00 1.00 1.00
   year
age 2007 2008 2009 2010 2011
  0 0.00 0.00 0.00 0.00 0.00
  1 0.00 0.00 0.00 0.00 0.00
  2 0.71 0.86 0.89 0.45 0.87
  3 0.92 0.98 1.00 0.90 0.84
  4 0.93 0.99 1.00 1.00 1.00
  5 1.00 1.00 1.00 1.00 1.00
  6 1.00 1.00 1.00 1.00 1.00
  7 1.00 1.00 1.00 1.00 1.00
  8 1.00 1.00 1.00 1.00 1.00


Table 6 FRACTION OF HARVEST BEFORE SPAWNING

Units  :  NA 
   year
age 1992 1993 1994 1995 1996 1997 1998 1999 2000 2001 2002 2003 2004 2005 2006
  0 0.67 0.67 0.67 0.67 0.67 0.67 0.67 0.67 0.67 0.67 0.67 0.67 0.67 0.67 0.67
  1 0.67 0.67 0.67 0.67 0.67 0.67 0.67 0.67 0.67 0.67 0.67 0.67 0.67 0.67 0.67
  2 0.67 0.67 0.67 0.67 0.67 0.67 0.67 0.67 0.67 0.67 0.67 0.67 0.67 0.67 0.67
  3 0.67 0.67 0.67 0.67 0.67 0.67 0.67 0.67 0.67 0.67 0.67 0.67 0.67 0.67 0.67
  4 0.67 0.67 0.67 0.67 0.67 0.67 0.67 0.67 0.67 0.67 0.67 0.67 0.67 0.67 0.67
  5 0.67 0.67 0.67 0.67 0.67 0.67 0.67 0.67 0.67 0.67 0.67 0.67 0.67 0.67 0.67
  6 0.67 0.67 0.67 0.67 0.67 0.67 0.67 0.67 0.67 0.67 0.67 0.67 0.67 0.67 0.67
  7 0.67 0.67 0.67 0.67 0.67 0.67 0.67 0.67 0.67 0.67 0.67 0.67 0.67 0.67 0.67
  8 0.67 0.67 0.67 0.67 0.67 0.67 0.67 0.67 0.67 0.67 0.67 0.67 0.67 0.67 0.67
   year
age 2007 2008 2009 2010 2011
  0 0.67 0.67 0.67 0.67 0.67
  1 0.67 0.67 0.67 0.67 0.67
  2 0.67 0.67 0.67 0.67 0.67
  3 0.67 0.67 0.67 0.67 0.67
  4 0.67 0.67 0.67 0.67 0.67
  5 0.67 0.67 0.67 0.67 0.67
  6 0.67 0.67 0.67 0.67 0.67
  7 0.67 0.67 0.67 0.67 0.67
  8 0.67 0.67 0.67 0.67 0.67


Table 7 FRACTION OF NATURAL MORTALITY BEFORE SPAWNING

Units  :  NA 
   year
age 1992 1993 1994 1995 1996 1997 1998 1999 2000 2001 2002 2003 2004 2005 2006
  0 0.67 0.67 0.67 0.67 0.67 0.67 0.67 0.67 0.67 0.67 0.67 0.67 0.67 0.67 0.67
  1 0.67 0.67 0.67 0.67 0.67 0.67 0.67 0.67 0.67 0.67 0.67 0.67 0.67 0.67 0.67
  2 0.67 0.67 0.67 0.67 0.67 0.67 0.67 0.67 0.67 0.67 0.67 0.67 0.67 0.67 0.67
  3 0.67 0.67 0.67 0.67 0.67 0.67 0.67 0.67 0.67 0.67 0.67 0.67 0.67 0.67 0.67
  4 0.67 0.67 0.67 0.67 0.67 0.67 0.67 0.67 0.67 0.67 0.67 0.67 0.67 0.67 0.67
  5 0.67 0.67 0.67 0.67 0.67 0.67 0.67 0.67 0.67 0.67 0.67 0.67 0.67 0.67 0.67
  6 0.67 0.67 0.67 0.67 0.67 0.67 0.67 0.67 0.67 0.67 0.67 0.67 0.67 0.67 0.67
  7 0.67 0.67 0.67 0.67 0.67 0.67 0.67 0.67 0.67 0.67 0.67 0.67 0.67 0.67 0.67
  8 0.67 0.67 0.67 0.67 0.67 0.67 0.67 0.67 0.67 0.67 0.67 0.67 0.67 0.67 0.67
   year
age 2007 2008 2009 2010 2011
  0 0.67 0.67 0.67 0.67 0.67
  1 0.67 0.67 0.67 0.67 0.67
  2 0.67 0.67 0.67 0.67 0.67
  3 0.67 0.67 0.67 0.67 0.67
  4 0.67 0.67 0.67 0.67 0.67
  5 0.67 0.67 0.67 0.67 0.67
  6 0.67 0.67 0.67 0.67 0.67
  7 0.67 0.67 0.67 0.67 0.67
  8 0.67 0.67 0.67 0.67 0.67


Table 8 SURVEY INDICES

SCAI - Configuration

Spawning component abundance index
      min       max plusgroup   minyear   maxyear    startf      endf 
       NA        NA        NA      1992      2011        NA        NA 
Index type : biomass

SCAI - Index Values

Units  :  NA 
     year
age   1992 1993 1994 1995 1996  1997  1998  1999  2000  2001  2002  2003  2004
  all 7395 5015 4300 5387 7017 10177 13334 14338 16375 21908 26260 34624 38038
     year
age    2005  2006  2007  2008  2009  2010  2011
  all 32362 30073 30985 38571 49554 51364 53595

HERAS - Configuration

Herring in Sub-area IV, Divisions VIId & IIIa (autumn-spawners) . Imported from VPA file.
      min       max plusgroup   minyear   maxyear    startf      endf 
     1.00      8.00      8.00   1992.00   2011.00      0.54      0.56 
Index type : number

HERAS - Index Values

Units  :  NA 
   year
age    1992    1993    1994    1995    1996    1997    1998    1999     2000
  1      -1      -1      -1      -1      -1 9361000 4449000 5087000 24736000
  2 3734000 2984000 3185000 3849000 4497000 5960000 5747000 3078000  2923000
  3 1378000 1637000  839000 2041000 2824000 2935000 2520000 4725000  2156000
  4 1147000  902000  399000  672000 1087000 1441000 1625000 1116000  3140000
  5 1134000  741000  381000  299000  311000  601000  982000  506000  1007000
  6 1246000  777000  321000  203000   99000  215000  445000  314000   483000
  7  395000  551000  326000  138000   83000   46000  170000  139000   266000
  8  218000  296000  350000  212000  339000  237000  166000  141000   217000
   year
age     2001     2002     2003    2004    2005    2006    2007    2008    2009
  1  6837000 23055000  9829400 5183700 3114100 6822800 6261000 3714000 4655000
  2 12290000  4875000 18949400 3415900 2055100 3772300 2750000 2853000 5632000
  3  3083000  8220000  3081000 9191800 3648500 1997200 1848000 1709000 2553000
  4  1462000  1390000  4188900 2167300 5789600 2097500  898000 1485000 1023000
  5  1676000   794600   675100 2590700 1212900 4175100  806000  809000 1077000
  6   450000  1031000   494800  317100 1174900  618200 1323000  712000  674000
  7   170000   244400   568300  327600  139900  562100  243000 1749000  638000
  8   157000   270500   323200  527650  233200  154700  217000  455000 1720000
   year
age     2010     2011
  1 14577000 10119000
  2  4237000  4166000
  3  4216000  2534000
  4  2453000  2173000
  5  1246000  1016000
  6  1332000   651000
  7   688000   688000
  8  2729000  1737000

IBTS-Q1 - Configuration

Herring in Sub-area IV, Divisions VIId & IIIa (autumn-spawners) . Imported from VPA file.
      min       max plusgroup   minyear   maxyear    startf      endf 
     1.00      1.00        NA   1992.00   2012.00      0.08      0.17 
Index type : number

IBTS-Q1 - Index Values

Units  :  NA 
   year
age 1992 1993 1994 1995 1996 1997 1998  1999 2000 2001 2002 2003 2004 2005
  1 1268 2794 1752 1346 1891 4405 2276 752.9 3725 2499 4065 2837  979 1010
   year
age  2006 2007 2008 2009 2010 2011 2012
  1 892.8 1321 1792 2340 1323 2937 1353

IBTS0 - Configuration

Herring in Sub-area IV, Divisions VIId & IIIa (autumn-spawners) . Imported from VPA file.
      min       max plusgroup   minyear   maxyear    startf      endf 
     0.00      0.00        NA   1992.00   2012.00      0.08      0.17 
Index type : number

IBTS0 - Index Values

Units  :  NA 
   year
age  1992  1993  1994 1995  1996  1997 1998 1999  2000  2001  2002 2003 2004
  0 200.7 190.1 101.7  127 106.5 148.1 53.1  244 137.1 214.8 161.8 54.4 47.3
   year
age 2005 2006 2007 2008 2009 2010 2011 2012
  0 61.3 83.1 37.2 27.8 95.8 77.1   77   68


Table 9 STOCK OBJECT CONFIGURATION

      min       max plusgroup   minyear   maxyear   minfbar   maxfbar 
        0         8         8      1992      2011         2         6 


Table 10 sam CONFIGURATION SETTINGS

name           : North Sea Herring
desc           : Imported from a VPA file. ( ./data/index.txt ).  Fri May  4 12:16:13 2012 + FLSAM: North Sea Herring
range          :       min       max plusgroup   minyear   maxyear   minfbar   maxfbar 
range          :         0         8         8      1992      2012         2         6 
fleets         : catch unique         SCAI        HERAS      IBTS-Q1        IBTS0 
fleets         :            0            3            2            2            2 
plus.group     : TRUE
states         :               age
states         : fleet           0  1  2  3  4  5  6  7  8
states         :   catch unique  0  1  2  3  4  5  6  7  7
states         :   SCAI         -1 -1 -1 -1 -1 -1 -1 -1 -1
states         :   HERAS        -1 -1 -1 -1 -1 -1 -1 -1 -1
states         :   IBTS-Q1      -1 -1 -1 -1 -1 -1 -1 -1 -1
states         :   IBTS0        -1 -1 -1 -1 -1 -1 -1 -1 -1
logN.vars      : 0 1 1 1 1 1 1 1 1
logP.vars      : 
catchabilities :               age
catchabilities : fleet           0  1  2  3  4  5  6  7  8
catchabilities :   catch unique -1 -1 -1 -1 -1 -1 -1 -1 -1
catchabilities :   SCAI          0 -1 -1 -1 -1 -1 -1 -1 -1
catchabilities :   HERAS        -1  1  2  3  4  5  6  7  7
catchabilities :   IBTS-Q1      -1  8 -1 -1 -1 -1 -1 -1 -1
catchabilities :   IBTS0         9 -1 -1 -1 -1 -1 -1 -1 -1
power.law.exps :               age
power.law.exps : fleet           0  1  2  3  4  5  6  7  8
power.law.exps :   catch unique -1 -1 -1 -1 -1 -1 -1 -1 -1
power.law.exps :   SCAI         -1 -1 -1 -1 -1 -1 -1 -1 -1
power.law.exps :   HERAS        -1 -1 -1 -1 -1 -1 -1 -1 -1
power.law.exps :   IBTS-Q1      -1 -1 -1 -1 -1 -1 -1 -1 -1
power.law.exps :   IBTS0        -1 -1 -1 -1 -1 -1 -1 -1 -1
f.vars         :               age
f.vars         : fleet           0  1  2  3  4  5  6  7  8
f.vars         :   catch unique  0  0  0  0  0  0  0  0  0
f.vars         :   SCAI         -1 -1 -1 -1 -1 -1 -1 -1 -1
f.vars         :   HERAS        -1 -1 -1 -1 -1 -1 -1 -1 -1
f.vars         :   IBTS-Q1      -1 -1 -1 -1 -1 -1 -1 -1 -1
f.vars         :   IBTS0        -1 -1 -1 -1 -1 -1 -1 -1 -1
obs.vars       :               age
obs.vars       : fleet           0  1  2  3  4  5  6  7  8
obs.vars       :   catch unique  0  0  0  0  0  0  0  0  0
obs.vars       :   SCAI          1 -1 -1 -1 -1 -1 -1 -1 -1
obs.vars       :   HERAS        -1  2  2  2  2  2  2  2  2
obs.vars       :   IBTS-Q1      -1  3 -1 -1 -1 -1 -1 -1 -1
obs.vars       :   IBTS0         4 -1 -1 -1 -1 -1 -1 -1 -1
srr            : 0
scaleNoYears   : 0
scaleYears     : NA
scalePars      : 
cor.F          : 2
cor.obs        : NA -1 -1 -1 -1 NA -1 NA -1 -1 NA -1 NA -1 -1 NA -1 NA -1 -1 NA -1 NA -1 -1 NA -1 NA -1 -1 NA -1 NA -1 -1 NA -1 NA -1 -1
cor.obs.Flag   : ID ID ID ID ID
biomassTreat   : -1 0 -1 -1 -1
timeout        : 3600
likFlag        : LN LN LN LN LN
fixVarToWeight : FALSE
simulate       : FALSE
residuals      : TRUE
sumFleets      : 


Table 11 FLR, R SOFTWARE VERSIONS

FLSAM.version                         2.1.0
FLCore.version                       2.6.10
R.version      R version 3.5.1 (2018-07-02)
platform                x86_64-pc-linux-gnu
run.date                2018-11-25 15:04:30

Table 12 STOCK SUMMARY

Year Recruitment      Low      High     TSB     Low    High     SSB     Low    High       Fbar    Low   High Landings Landings
           Age 0                                                                    (Ages 2-6)                             SOP
                                                                                             f      f      f   tonnes         
1992    58018537 44845306  75061381 3259539 2912445 3647999 1024480  881337 1190873     0.4227 0.3518 0.5078   716799   0.9950
1993    48390196 37609492  62261174 2951067 2603820 3344623  686222  582271  808731     0.5229 0.4371 0.6257   671397   1.0231
1994    34341049 26478499  44538311 2602012 2286059 2961633  775489  656742  915707     0.4883 0.4057 0.5876   568234   1.0498
1995    49483998 37325548  65602948 2523656 2204963 2888412  769030  644003  918331     0.4940 0.4045 0.6033   579371   1.0084
1996    42860629 32557840  56423692 2768122 2367138 3237032  918294  765535 1101535     0.2345 0.1885 0.2917   275098   0.9987
1997    27788062 20807944  37109692 2938755 2534006 3408153 1136845  952123 1357404     0.2044 0.1640 0.2549   264313   1.0006
1998    17679573 13022157  24002727 3119145 2707177 3593806 1343899 1138195 1586781     0.2546 0.2048 0.3165   391628   1.0018
1999    66144238 49525276  88339946 3203740 2787548 3682071 1445965 1220510 1713067     0.2226 0.1803 0.2748   363163   1.0000
2000    46246427 34898350  61284616 4027878 3489923 4648756 1387045 1174995 1637364     0.2338 0.1904 0.2872   388157   1.0004
2001    81981185 61437605 109394152 4505948 3900488 5205391 1886733 1600949 2223533     0.1986 0.1617 0.2439   374065   0.9901
2002    42861860 32323149  56836635 5313179 4598013 6139580 2251911 1913199 2650589     0.1846 0.1508 0.2259   394709   0.9974
2003    19709009 14803261  26240503 5557567 4814060 6415906 2274714 1947472 2656943     0.2069 0.1700 0.2518   482281   1.0153
2004    25222541 18901490  33657483 4730088 4114675 5437544 2246923 1922265 2626414     0.2452 0.2022 0.2974   587698   0.9985
2005    22604866 17109622  29865065 3904655 3414728 4464876 2012617 1704803 2376010     0.3166 0.2614 0.3833   663813   1.0033
2006    26434005 19942107  35039259 3203776 2798586 3667630 1577565 1334726 1864587     0.2626 0.2154 0.3200   514597   0.9950
2007    24224957 17827140  32918827 2753344 2385784 3177531 1280447 1075199 1524876     0.2327 0.1885 0.2872   406482   1.0056
2008    27296142 19838660  37556939 2757067 2362002 3218209 1339230 1121916 1598637     0.1478 0.1188 0.1840   257870   1.0040
2009    37671892 27811252  51028677 3248791 2761240 3822429 1686097 1408761 2018031     0.0775 0.0617 0.0972   168443   1.0023
2010    32573646 23363266  45414986 3800741 3213037 4495942 1743200 1441561 2107954     0.0818 0.0651 0.1028   187611   1.0034
2011    32898140 22258957  48622566 3978625 3320073 4767804 2200542 1804523 2683472     0.0977 0.0763 0.1250   226478   0.9938
2012    27858359 14963319  51866044 3980301 3185982 4972658 2247280 1761130 2867629     0.0978 0.0470 0.2032                  


Table 13 ESTIMATED FISHING MORTALITY

Units  :  f 
   year
age   1992   1993   1994   1995    1996    1997    1998    1999    2000    2001
  0 0.2968 0.3224 0.2193 0.1877 0.07348 0.02973 0.03350 0.03310 0.03634 0.03179
  1 0.3151 0.3487 0.2539 0.2339 0.10655 0.05315 0.06864 0.05959 0.06013 0.04755
  2 0.4313 0.5114 0.4299 0.4037 0.19337 0.12528 0.16187 0.14282 0.14121 0.10413
  3 0.4044 0.5172 0.4924 0.4941 0.24484 0.19148 0.24163 0.21779 0.22105 0.17519
  4 0.4175 0.5397 0.5387 0.5308 0.25073 0.22286 0.27584 0.24529 0.26152 0.22191
  5 0.4040 0.5030 0.4890 0.5262 0.24738 0.23918 0.29803 0.25947 0.28141 0.24787
  6 0.4561 0.5433 0.4914 0.5151 0.23605 0.24331 0.29571 0.24770 0.26403 0.24399
  7 0.4544 0.5285 0.4450 0.4346 0.18022 0.19285 0.21693 0.18200 0.19725 0.19915
  8 0.4544 0.5285 0.4450 0.4346 0.18022 0.19285 0.21693 0.18200 0.19725 0.19915
   year
age    2002    2003    2004    2005    2006    2007    2008    2009    2010
  0 0.02768 0.03310 0.04119 0.06658 0.04995 0.04348 0.04167 0.02746 0.03018
  1 0.03895 0.04350 0.04700 0.07027 0.04786 0.03952 0.03464 0.02150 0.02304
  2 0.08648 0.09015 0.09515 0.13369 0.10510 0.09523 0.08273 0.05109 0.05837
  3 0.14570 0.14824 0.15380 0.19466 0.16361 0.15170 0.11010 0.06117 0.07053
  4 0.20033 0.21546 0.23721 0.29046 0.24834 0.22910 0.14963 0.07941 0.08576
  5 0.23899 0.28174 0.33759 0.42421 0.35161 0.31509 0.19232 0.09778 0.10146
  6 0.25128 0.29890 0.40249 0.53985 0.44413 0.37226 0.20438 0.09784 0.09299
  7 0.23400 0.29151 0.42819 0.66554 0.59452 0.50897 0.27147 0.12990 0.11071
  8 0.23400 0.29151 0.42819 0.66554 0.59452 0.50897 0.27147 0.12990 0.11071
   year
age    2011    2012
  0 0.03253 0.03257
  1 0.02302 0.02305
  2 0.06352 0.06359
  3 0.08340 0.08348
  4 0.10373 0.10382
  5 0.12506 0.12516
  6 0.11271 0.11280
  7 0.12789 0.12799
  8 0.12789 0.12799


Table 14 ESTIMATED POPULATION ABUNDANCE

Units  :  NA 
   year
age     1992     1993     1994     1995     1996     1997     1998     1999
  0 58018537 48390196 34341049 49483998 42860629 27788062 17679573 66144238
  1 11025682 17941634 13847074 11726473 17219434 17722691 12643977  8168254
  2  4350841  3663545  5613903  5425497  4736695  6719932  9052596  5329870
  3  1683018  1875597  1478794  2484204  2701999  2750616  3364051  5691877
  4  1298952   859615   766040   687481  1053277  1505586  1480017  1690969
  5  1240580   654223   364149   310071   302200   603162   812254   729772
  6  1140050   636942   294076   166882   120350   175857   353200   387629
  7   441897   530850   269189   133900    71022    65644    99911   170947
  8   200060   318087   362021   285501   194972   163732   127991   112652
   year
age     2000     2001     2002     2003     2004     2005     2006     2007
  0 46246427 81981185 42861860 19709009 25222541 22604866 26434005 24224957
  1 29372429 17312711 34771732 16774838  7496821  9921567  7786286  9421473
  2  4653191 13383679  7801548 18186833  6655716  3572439  4789678  3465784
  3  2937532  3063671  8481891  4616335 11432576  3958968  2303742  2949544
  4  3281661  1625884  1759317  5142369  2838843  7040561  2362351  1436528
  5   953030  1759604   889442   983989  2989625  1604193  4084187  1296988
  6   412086   484455   968827   523493   506569  1536497   781103  2199939
  7   211507   219127   258274   536671   303266   237183   654432   380795
  8   147617   174446   231936   258984   406348   329867   220079   373009
   year
age     2008     2009     2010     2011     2012
  0 27296142 37671892 32573646 32898140 27858359
  1  9784225 10658152 14664541 12633894 11739539
  2  4463978  5730078  5603121  7169764  6306024
  3  2137941  2685327  3972922  3681381  4590462
  4  1773911  1384224  1883273  2604340  2369543
  5   863934  1128648   980665  1220582  1657050
  6   737745   538858   809808   652665   774100
  7  1273129   482080   388900   539380   421537
  8   411021  1197819  1301800  1203751  1115667


Table 15 PREDICTED CATCH NUMBERS AT AGE

Units  :  NA 
<0 x 0 matrix>


Table 16 CATCH AT AGE RESIDUALS

Units  :  NA 
<0 x 0 matrix>



Table 18 PREDICTED INDEX AT AGE catch unique

Units  :  NA 
   year
age     1992    1993    1994    1995    1996   1997    1998    1999    2000
  0 10252000 9251500 4705109 5910039 2103495 561354  400243 1465633 1108123
  1  2117770 3797469 2250001 1786525 1266540 667026  610863  342301 1230886
  2  1304566 1257927 1677407 1537947  704391 665280 1134198  590946  506792
  3   487010  660025  499584  839543  503759 409248  615030  943706  490875
  4   389113  315234  279956  247868  202393 259241  306648  314353  642006
  5   364591  228943  124389  111893   57835 111476  181333  143572  200098
  6   370009  236695  100846   59221   22084  32998   78325   73214   81870
  7   143343  193489   85421   41559   10215   9999   16859   24465   32385
  8    64896  115939  114879   88612   28042  24939   21597   16122   22602
   year
age    2001   2002    2003    2004    2005    2006   2007   2008   2009   2010
  0 1704456 772460  420957  664308  948049  834112 665056 717594 656329 623269
  1  574180 947505  509156  245763  482803  261652 263819 242613 166634 248268
  2 1088297 530189 1284800  495336  367735  393790 260473 294891 238965 268445
  3  412750 961554  531162 1361219  586313  291384 348829 187834 134803 230446
  4  273698 269424  839864  505232 1499065  438832 248903 208841  89747 132214
  5  328981 160636  205186  728416  473221 1032742 299544 129252  90161  81678
  6   89401 183171  115088  143235  549729  240065 586629 116962  43201  62268
  7   33713  45874  115572   90320   99356  252867 131084 260774  50718  35445
  8   26839  41195   55772  121020  138181   85037 128404  84189 126018 118647
   year
age   2011   2012
  0 678665 575344
  1 209622 195008
  2 367450 323523
  3 248319 309936
  4 217322 197904
  5 122612 166591
  6  59593  70734
  7  55647  43519
  8 124188 115180


Table 19 INDEX AT AGE RESIDUALS catch unique

Units  :  NA 
   year
age   1992     1993    1994     1995    1996    1997    1998    1999     2000
  0 1.6317 -0.02729 -1.3166  0.60587 -1.7432 -2.6935 -1.1917  2.3877 -0.35392
  1 1.7993 -0.72038 -1.3342 -0.45248 -0.2347 -0.6320  2.9302 -1.1683 -0.00405
  2 2.7402  0.79913  0.6171 -0.05300 -0.8418  0.1983  0.6142 -0.9903  1.50064
  3 2.2114 -0.19546  0.5296 -0.00800  0.1401  1.1711 -1.7196  0.8190 -0.80320
  4 2.0814  0.44547  0.6258 -0.14039 -1.5678  0.8263 -0.6840 -0.9605  0.34523
  5 3.0566  0.08373 -0.4246  0.28715 -0.2234  0.4602 -0.1317 -0.7945  0.34737
  6 0.1200  0.24834 -0.4139 -0.33409 -1.3229  0.3868  0.7322 -1.0462 -0.01679
  7 1.7970 -0.38857 -0.8147 -0.43379 -1.7607  0.4196 -0.5914 -0.1697  0.18381
  8 0.3552  0.64319  0.1447  0.05241 -1.2315  0.1952 -0.4185 -1.4330 -1.74125
   year
age     2001    2002    2003    2004    2005     2006     2007     2008
  0  0.76311 -1.2367 -1.1435  0.9400  0.7816 -0.19810 -0.47940  0.48118
  1 -1.44668 -0.1519  0.6845 -1.1990  1.3690 -2.01302 -0.97207 -0.12769
  2 -1.63020  0.1573  0.3937 -0.9119 -0.2150  0.83534 -0.16069  0.03115
  3  1.57493  0.2171 -0.3033  0.4734 -1.1806  0.92542  1.04263 -1.42439
  4  0.28492  0.5024  0.4061  0.8979 -0.2345  0.25251  0.72208 -1.31219
  5  0.02376 -0.2745  0.9856  0.8383  0.4379  0.07882 -0.21979 -0.36188
  6 -0.07011  0.2096  0.2458  1.0035  0.6763  0.13962  0.05082 -0.80924
  7  0.82050  0.8648  0.6448  1.7934  1.3539  0.40327  0.72840 -0.38501
  8 -1.60311  0.6988 -0.8670 -0.9676  0.3636  0.90238  0.77885  1.84410
   year
age     2009     2010    2011 2012
  0 -0.05752 -0.15434  0.4348    0
  1 -0.48673  0.58975 -0.8628    0
  2  0.32971  0.58015  0.2910    0
  3 -2.47667  0.28801  0.9895    0
  4 -0.66162 -0.43133  0.2549    0
  5 -0.88632  0.06830  0.4013    0
  6 -1.27016 -0.32916  0.2683    0
  7  0.00088 -0.80910 -0.5070    0
  8  1.06203  0.01849  0.4023    0


Table 20 PREDICTED INDEX AT AGE SCAI

Units  :  NA 
     year
age    1992 1993  1994  1995  1996  1997  1998  1999  2000  2001  2002  2003
  all 13431 8996 10167 10082 12039 14904 17619 18957 18184 24735 29523 29822
     year
age    2004  2005  2006  2007  2008  2009  2010  2011
  all 29458 26386 20682 16787 17558 22105 22854 28849


Table 21 INDEX AT AGE RESIDUALS SCAI

Units  :  NA 
     year
age    1992   1993   1994   1995   1996    1997    1998    1999    2000    2001
  all 3.548 -1.302 -2.385 -1.171 -1.008 -0.9709 -0.9524 -0.8014 -0.1023 -0.1128
     year
age    2002   2003  2004   2005 2006 2007  2008  2009  2010  2011
  all -0.11 0.4095 0.503 0.6685 1.25 1.38 1.945 2.058 1.836 1.039


Table 22 PREDICTED INDEX AT AGE HERAS

Units  :  NA 
   year
age    1992    1993    1994    1995    1996     1997    1998    1999     2000
  1 5229746 8461163 7005027 6069953 9602441 10206493 7225873 4662852 16579014
  2 2795783 2251902 3606126 3529391 3447443  5053624 6640621 3923616  3398737
  3 1295374 1354622 1079460 1806168 2244952  2341886 2773324 4727463  2419141
  4 1048214  647838  576103  517787  921745  1330529 1263872 1459847  2788446
  5 1112360  554811  310463  258270  292172   582349  755121  688567   881693
  6 1078113  573058  271425  151542  126865   183596  356403  399174   417557
  7  454090  522295  276216  137654   83609    76323  114053  197715   240849
  8  205580  312961  371472  293505  229527   190368  146108  130291   168095
   year
age    2001     2002     2003    2004    2005    2006    2007    2008    2009
  1 9782304 19722566  9481052 4235254 5555174 4435657 5430016 5710019 6342259
  2 9923025  5828392 13540584 4943973 2603844 3558745 2602364 3398967 4479374
  3 2576064  7233183  3925316 9690926 3285712 1949489 2521383 1879273 2440347
  4 1405242  1534857  4440566 2420855 5834995 2007126 1236996 1602418 1306717
  5 1649741   835817   901418 2654806 1359774 3610817 1174019  840857 1164641
  6  493967   981593   515816  471439 1327757  713253 2097811  775662  604822
  7  248096   286224   575355  301613  207382  596724  365503 1400691  577571
  8  197508   257035   277652  404133  288421  200672  358030  452204 1435085
   year
age    2010    2011
  1 8841985 7437879
  2 4408526 5527180
  3 3619258 3288290
  4 1783260 2415735
  5 1017741 1234518
  6  918727  722722
  7  474995  643145
  8 1589993 1435327


Table 23 INDEX AT AGE RESIDUALS HERAS

Units  :  NA 
   year
age     1992     1993    1994    1995    1996     1997     1998     1999
  1  0.00000  0.00000  0.0000  0.0000  0.0000  1.30514 -1.94739  1.41039
  2 -3.32254  0.64402 -1.1267  0.9147  1.3551 -0.02475 -0.24761 -1.09631
  3  1.25646 -0.28515 -1.6384  0.1818  0.6376  0.31054 -1.06983  0.01015
  4  0.68630  0.67186 -2.1741  0.8067  0.1623 -0.32326  0.20702 -1.55859
  5  2.43561  0.75070  0.4475 -0.5331 -0.4425 -0.28923  0.04146 -1.89505
  6  0.06168  0.84094  0.2091  0.3471 -1.9060  0.07601  0.04747 -1.75100
  7  1.33819 -0.04135  0.2736 -0.4306 -0.1809 -2.52078  1.01701 -2.32208
  8  0.13185 -0.30366 -0.5823 -1.4930  1.4913  0.69278 -0.18498 -0.19044
   year
age    2000     2001     2002     2003      2004    2005    2006     2007
  1  1.7707 -1.39116  0.91297 -0.68830  0.180526 -2.3902  1.9448  0.44020
  2  0.1211  1.47851 -0.71736  1.62192 -1.880070 -0.2624  0.4079 -0.06961
  3 -0.2732  1.03414  0.92603 -0.68572  0.167327  0.9991  0.5099 -1.25911
  4  0.4654  0.05941 -0.30427  0.09489  0.002803  0.6585  0.5726 -0.67068
  5  0.1764 -0.20555 -0.04681 -1.18024  0.241418  0.0549  1.4045 -0.57743
  6  0.1974 -0.94046  0.12532  0.26046 -1.517232 -0.1107  0.3335 -0.21113
  7 -0.4556 -2.16913 -1.04985 -0.30521  0.339437 -1.6013  0.4380  0.02063
  8  0.3235 -1.34966 -0.10172  0.34608  0.890612 -0.6558 -0.6653 -0.39666
   year
age    2008    2009    2010    2011
  1 -0.7815  0.0711  1.7663  1.6013
  2 -0.7846  1.5700 -0.2668 -1.4164
  3  0.0888  0.5139  0.5445 -1.2473
  4  0.4595 -0.4827  1.3703 -0.5429
  5  0.9758  0.4687  1.0164 -0.8873
  6  1.4199  1.4586  1.8234 -0.4067
  7  3.0336  1.5301  2.1112  0.4027
  8  1.2220  1.9226  2.7253  0.8597


Table 24 PREDICTED INDEX AT AGE IBTS-Q1

Units  :  NA 
   year
age 1992 1993 1994 1995 1996 1997 1998 1999 2000 2001 2002 2003 2004 2005 2006
  1 1465 2381 1868 1590 2374 2462 1753 1132 4061 2394 4813 2320 1037 1369 1079
   year
age 2007 2008 2009 2010 2011 2012
  1 1309 1363 1491 2058 1764 1639


Table 25 INDEX AT AGE RESIDUALS IBTS-Q1

Units  :  NA 
   year
age   1992   1993   1994    1995    1996  1997  1998    1999   2000   2001
  1 0.7435 0.1081 0.2605 -0.2068 -0.7897 2.565 1.101 -0.5389 -0.426 0.1916
   year
age   2002     2003    2004    2005    2006     2007  2008  2009   2010  2011
  1 -0.394 -0.02038 -0.4766 -0.5803 -0.7831 -0.07285 1.628 2.056 -1.712 1.631
   year
age    2012
  1 -0.9045


Table 26 PREDICTED INDEX AT AGE IBTS0

Units  :  NA 
   year
age  1992  1993 1994  1995  1996 1997  1998  1999  2000  2001  2002  2003  2004
  0 152.3 126.9 91.5 132.6 116.5 75.9 48.21 179.9 125.2 221.4 115.6 53.02 67.68
   year
age  2005  2006  2007  2008  2009  2010  2011  2012
  0 60.38 70.67 64.76 72.95 100.8 87.17 88.05 74.56


Table 27 INDEX AT AGE RESIDUALS IBTS0

Units  :  NA 
   year
age   1992   1993   1994   1995   1996 1997  1998 1999   2000     2001   2002
  0 0.6691 0.3219 0.6889 0.2329 0.6116 2.71 1.429 1.38 -0.311 -0.06623 0.3152
   year
age    2003   2004     2005   2006   2007   2008   2009    2010   2011    2012
  0 -0.7994 -1.548 -0.08819 0.1439 -1.328 -2.202 0.2621 -0.2393 -1.003 -0.3856



Table 29 FIT PARAMETERS

           name     value std.dev
1       logFpar  -4.33437 0.13351
2       logFpar  -0.14761 0.09720
3       logFpar  -0.01495 0.08332
4       logFpar   0.12940 0.08352
5       logFpar   0.17350 0.08659
6       logFpar   0.26181 0.09393
7       logFpar   0.34240 0.10705
8       logFpar   0.42138 0.13146
9       logFpar  -8.78987 0.09134
10      logFpar -12.70697 0.10529
11 logSdLogFsta  -0.98920 0.14973
12    logSdLogN  -0.71010 0.18921
13    logSdLogN  -1.99307 0.15163
14  logSdLogObs  -1.65425 0.12321
15  logSdLogObs  -0.64453 0.16381
16  logSdLogObs  -1.34507 0.08241
17  logSdLogObs  -1.18165 0.17791
18  logSdLogObs  -1.00560 0.18621
19   itrans_rho   1.62175 0.20495


Table 30 NEGATIVE LOG-LIKELIHOOD

167.444731557908


