Table 1 CATCH IN NUMBER

Units  :  thousands 
   year
age     1992     1993    1994    1995    1996   1997    1998    1999    2000
  0 10331300 10265400 4498900 7438469 2311226 431175  259526 1566349 1105085
  1  2303100  3826800 1785200 1664874 1606393 479702  977680  303520 1171677
  2  1284900  1176300 1783200 1444061  642084 687920 1220105  616354  622853
  3   442700   609000  489100  816703  525601 446909  537932 1058716  463170
  4   361500   305500  347600  231794  172099 284920  276333  294066  646814
  5   360500   215600  109000  118536   57586 109178  175817  135648  213466
  6   375600   226000   91800   55128   22534  31389   88927   69299   82481
  7   152400   188000   76400   41409    9264  11832   15232   27998   35706
  8    62500   129000  116600   98200   21143  24467   20550   12228   17087
   year
age    2001   2002    2003    2004    2005   2006   2007   2008   2009   2010
  0 1832691 730279  369074  715597 1015554 878637 621005 798284 650043 574895
  1  614469 837557  617021  206648  715547 222111 235553 235022 175923 280728
  2  842635 579592 1221992  447918  355453 401087 219115 331772 259434 293887
  3  485628 970577  529386 1366155  485746 310602 417452 184771 106738 236804
  4  278884 292205  835552  543376 1318647 464620 285746 199069  93321 126241
  5  321743 140701  244780  753231  479961 997782 309454 137529  86137  83893
  6   90918 174570  107751  169324  576154 252150 629187 118349  37951  61542
  7   38252  48908  123291  104945  115212 247042 147830 215542  53130  33305
  8   20602  43322   46715   97142  146808 106412 156750 117258 143131 113675
   year
age   2011
  0 778927
  1 159504
  2 367820
  3 275016
  4 218711
  5 130127
  6  62938
  7  52081
  8 125734


Table 2 WEIGHTS AT AGE IN THE CATCH

Units  :  kg 
   year
age      1992      1993      1994      1995      1996      1997      1998
  0 0.0100000 0.0100000 0.0060000 0.0090000 0.0150000 0.0150000 0.0210000
  1 0.0530000 0.0330000 0.0560000 0.0420000 0.0180000 0.0440000 0.0510000
  2 0.1020000 0.1150000 0.1300000 0.1300000 0.1120000 0.1080000 0.1140000
  3 0.1750000 0.1450000 0.1590000 0.1690000 0.1560000 0.1480000 0.1450000
  4 0.1890000 0.1890000 0.1810000 0.1980000 0.1880000 0.1950000 0.1830000
  5 0.2070000 0.2040000 0.2140000 0.2070000 0.2040000 0.2270000 0.2190000
  6 0.2230000 0.2280000 0.2400000 0.2430000 0.2120000 0.2260000 0.2380000
  7 0.2370000 0.2440000 0.2550000 0.2470000 0.2610000 0.2350000 0.2470000
  8 0.2631664 0.2734558 0.2761973 0.2809153 0.2814938 0.2549437 0.2878952
   year
age     1999      2000     2001      2002      2003      2004      2005
  0 0.009000 0.0150000 0.012000 0.0120000 0.0140000 0.0140000 0.0110000
  1 0.045000 0.0330000 0.048000 0.0370000 0.0370000 0.0360000 0.0440000
  2 0.115000 0.1130000 0.118000 0.1180000 0.1040000 0.1000000 0.0990000
  3 0.151000 0.1570000 0.149000 0.1530000 0.1580000 0.1380000 0.1530000
  4 0.171000 0.1790000 0.177000 0.1700000 0.1740000 0.1830000 0.1660000
  5 0.207000 0.2010000 0.198000 0.1990000 0.1840000 0.2010000 0.2080000
  6 0.233000 0.2160000 0.213000 0.2140000 0.2050000 0.2160000 0.2230000
  7 0.245000 0.2460000 0.238000 0.2280000 0.2220000 0.2280000 0.2400000
  8 0.267719 0.2731261 0.269744 0.2504017 0.2366464 0.2545115 0.2653676
   year
age      2006      2007     2008      2009      2010     2011
  0 0.0100000 0.0124000 0.007900 0.0094000 0.0075000 0.008000
  1 0.0490000 0.0638000 0.053500 0.0514000 0.0571000 0.041300
  2 0.1170000 0.1214000 0.128800 0.1440000 0.1292000 0.131700
  3 0.1440000 0.1513000 0.179600 0.1811000 0.1669000 0.159300
  4 0.1720000 0.1634000 0.181200 0.2158000 0.1912000 0.183100
  5 0.1810000 0.1933000 0.183200 0.2162000 0.2203000 0.197000
  6 0.2200000 0.1900000 0.215700 0.2390000 0.2193000 0.216700
  7 0.2370000 0.2232000 0.216100 0.2428000 0.2160000 0.221100
  8 0.2460061 0.2374933 0.262076 0.2532723 0.2383892 0.231918


Table 3 WEIGHTS AT AGE IN THE STOCK

Units  :  kg 
   year
age       1992        1993        1994       1995      1996       1997
  0 0.01033333 0.005666667 0.007333333 0.00600000 0.0060000 0.00500000
  1 0.06366667 0.061000000 0.060000000 0.05733333 0.0540000 0.04866667
  2 0.13666667 0.134000000 0.126333333 0.12933333 0.1296667 0.12333333
  3 0.19400000 0.184333333 0.191666667 0.18566667 0.1993333 0.18333333
  4 0.21400000 0.213000000 0.214333333 0.21066667 0.2273333 0.23033333
  5 0.23433333 0.234333333 0.239666667 0.22433333 0.2343333 0.23733333
  6 0.25300000 0.261666667 0.274666667 0.26800000 0.2736667 0.25666667
  7 0.27166667 0.272666667 0.291333333 0.29333333 0.3006667 0.28033333
  8 0.29870453 0.307936434 0.320523728 0.32614016 0.3270679 0.31004007
   year
age        1998       1999        2000       2001        2002        2003
  0 0.005666667 0.00600000 0.005666667 0.00600000 0.006333333 0.006666667
  1 0.047333333 0.05066667 0.051333333 0.05066667 0.047333333 0.047000000
  2 0.116000000 0.11600000 0.115666667 0.12166667 0.128000000 0.123000000
  3 0.187333333 0.17933333 0.183666667 0.17166667 0.171666667 0.173000000
  4 0.241333333 0.22633333 0.221333333 0.21000000 0.205333333 0.202333333
  5 0.264333333 0.25600000 0.248333333 0.23266667 0.228333333 0.222000000
  6 0.283666667 0.27333333 0.278666667 0.25533333 0.248333333 0.242333333
  7 0.286666667 0.27600000 0.286000000 0.27466667 0.270333333 0.265666667
  8 0.308339011 0.27811880 0.284171183 0.27449422 0.286521182 0.284946134
   year
age        2004        2005        2006       2007        2008        2009
  0 0.006666667 0.005733333 0.006766667 0.00610000 0.007933333 0.007233333
  1 0.042000000 0.041433333 0.041000000 0.05133333 0.057700000 0.061433333
  2 0.119333333 0.118100000 0.125666667 0.12800000 0.130366667 0.137366667
  3 0.165333333 0.164433333 0.155400000 0.16073333 0.164200000 0.181000000
  4 0.202666667 0.197900000 0.190900000 0.17956667 0.180766667 0.196866667
  5 0.223000000 0.224500000 0.215800000 0.20680000 0.195433333 0.209966667
  6 0.247666667 0.247833333 0.241900000 0.22356667 0.217700000 0.222500000
  7 0.267666667 0.264866667 0.252133333 0.23780000 0.226066667 0.233633333
  8 0.280490193 0.284945260 0.270223450 0.25648110 0.255556491 0.255759739
   year
age        2010        2011
  0 0.007133333 0.006666667
  1 0.052233333 0.043166667
  2 0.142266667 0.145300000
  3 0.190366667 0.187433333
  4 0.216266667 0.225066667
  5 0.223600000 0.239366667
  6 0.234200000 0.243500000
  7 0.240100000 0.250766667
  8 0.260682861 0.257247512


Table 4 NATURAL MORTALITY

Units  :  NA 
   year
age      1992      1993      1994      1995      1996      1997      1998
  0 0.8486048 0.8323958 0.8088519 0.7962212 0.7964933 0.8003559 0.8091044
  1 0.7726129 0.7494854 0.7166964 0.6949720 0.6869137 0.6817761 0.6802653
  2 0.3456637 0.3462418 0.3476941 0.3508561 0.3570840 0.3656584 0.3743015
  3 0.3068890 0.3096982 0.3151729 0.3206849 0.3273645 0.3362859 0.3447364
  4 0.2878693 0.2900670 0.2948533 0.3000248 0.3072634 0.3173345 0.3266605
  5 0.2703406 0.2726507 0.2770603 0.2822178 0.2899977 0.3006973 0.3105983
  6 0.2679837 0.2713861 0.2769124 0.2828047 0.2906329 0.3009355 0.3104069
  7 0.2622695 0.2671514 0.2742681 0.2812562 0.2892593 0.2992269 0.3085044
  8 0.2622695 0.2671514 0.2742681 0.2812562 0.2892593 0.2992269 0.3085044
   year
age      1999      2000      2001      2002      2003      2004      2005
  0 0.8315196 0.8635228 0.8871207 0.9021687 0.9180715 0.9311605 0.9417495
  1 0.6913413 0.7113333 0.7220006 0.7236466 0.7255318 0.7228521 0.7158512
  2 0.3869205 0.4027811 0.4126429 0.4164810 0.4190357 0.4182149 0.4141342
  3 0.3550340 0.3672442 0.3752758 0.3791293 0.3818664 0.3819880 0.3795281
  4 0.3373851 0.3500588 0.3587136 0.3632873 0.3667856 0.3678416 0.3664798
  5 0.3222252 0.3360710 0.3453713 0.3500951 0.3536407 0.3543872 0.3523644
  6 0.3214765 0.3345297 0.3431944 0.3474571 0.3504963 0.3507288 0.3481721
  7 0.3196391 0.3326829 0.3412380 0.3453142 0.3480817 0.3478837 0.3447272
  8 0.3196391 0.3326829 0.3412380 0.3453142 0.3480817 0.3478837 0.3447272
   year
age      2006      2007      2008      2009      2010      2011
  0 0.9515479 0.9589797 0.9629198 0.9639524 0.9630652 0.9600930
  1 0.7068146 0.6940013 0.6761454 0.6539054 0.6284271 0.6718588
  2 0.4078147 0.3985226 0.3856549 0.3694447 0.3504123 0.3823698
  3 0.3752508 0.3687520 0.3596482 0.3480426 0.3342612 0.3571910
  4 0.3634001 0.3582492 0.3506907 0.3408148 0.3289086 0.3484127
  5 0.3483950 0.3420464 0.3329287 0.3211651 0.3070936 0.3303257
  6 0.3436320 0.3367076 0.3270346 0.3147281 0.3001065 0.3244418
  7 0.3394611 0.3316919 0.3210542 0.3076583 0.2918243 0.3183380
  8 0.3394611 0.3316919 0.3210542 0.3076583 0.2918243 0.3183380


Table 5 PROPORTION MATURE

Units  :  NA 
   year
age 1992 1993 1994 1995 1996 1997 1998 1999 2000 2001 2002 2003 2004 2005 2006
  0 0.00 0.00 0.00 0.00 0.00 0.00 0.00 0.00 0.00 0.00 0.00 0.00 0.00 0.00 0.00
  1 0.00 0.00 0.00 0.00 0.00 0.00 0.00 0.00 0.00 0.00 0.00 0.00 0.00 0.00 0.00
  2 0.50 0.47 0.73 0.67 0.61 0.64 0.64 0.69 0.67 0.77 0.87 0.43 0.70 0.76 0.66
  3 0.99 0.61 0.93 0.95 0.98 0.94 0.89 0.91 0.96 0.92 0.97 0.93 0.65 0.96 0.88
  4 1.00 1.00 1.00 1.00 1.00 1.00 1.00 1.00 1.00 1.00 1.00 1.00 1.00 0.96 0.98
  5 1.00 1.00 1.00 1.00 1.00 1.00 1.00 1.00 1.00 1.00 1.00 1.00 1.00 1.00 1.00
  6 1.00 1.00 1.00 1.00 1.00 1.00 1.00 1.00 1.00 1.00 1.00 1.00 1.00 1.00 1.00
  7 1.00 1.00 1.00 1.00 1.00 1.00 1.00 1.00 1.00 1.00 1.00 1.00 1.00 1.00 1.00
  8 1.00 1.00 1.00 1.00 1.00 1.00 1.00 1.00 1.00 1.00 1.00 1.00 1.00 1.00 1.00
   year
age 2007 2008 2009 2010 2011
  0 0.00 0.00 0.00 0.00 0.00
  1 0.00 0.00 0.00 0.00 0.00
  2 0.71 0.86 0.89 0.45 0.87
  3 0.92 0.98 1.00 0.90 0.84
  4 0.93 0.99 1.00 1.00 1.00
  5 1.00 1.00 1.00 1.00 1.00
  6 1.00 1.00 1.00 1.00 1.00
  7 1.00 1.00 1.00 1.00 1.00
  8 1.00 1.00 1.00 1.00 1.00


Table 6 FRACTION OF HARVEST BEFORE SPAWNING

Units  :  NA 
   year
age 1992 1993 1994 1995 1996 1997 1998 1999 2000 2001 2002 2003 2004 2005 2006
  0 0.67 0.67 0.67 0.67 0.67 0.67 0.67 0.67 0.67 0.67 0.67 0.67 0.67 0.67 0.67
  1 0.67 0.67 0.67 0.67 0.67 0.67 0.67 0.67 0.67 0.67 0.67 0.67 0.67 0.67 0.67
  2 0.67 0.67 0.67 0.67 0.67 0.67 0.67 0.67 0.67 0.67 0.67 0.67 0.67 0.67 0.67
  3 0.67 0.67 0.67 0.67 0.67 0.67 0.67 0.67 0.67 0.67 0.67 0.67 0.67 0.67 0.67
  4 0.67 0.67 0.67 0.67 0.67 0.67 0.67 0.67 0.67 0.67 0.67 0.67 0.67 0.67 0.67
  5 0.67 0.67 0.67 0.67 0.67 0.67 0.67 0.67 0.67 0.67 0.67 0.67 0.67 0.67 0.67
  6 0.67 0.67 0.67 0.67 0.67 0.67 0.67 0.67 0.67 0.67 0.67 0.67 0.67 0.67 0.67
  7 0.67 0.67 0.67 0.67 0.67 0.67 0.67 0.67 0.67 0.67 0.67 0.67 0.67 0.67 0.67
  8 0.67 0.67 0.67 0.67 0.67 0.67 0.67 0.67 0.67 0.67 0.67 0.67 0.67 0.67 0.67
   year
age 2007 2008 2009 2010 2011
  0 0.67 0.67 0.67 0.67 0.67
  1 0.67 0.67 0.67 0.67 0.67
  2 0.67 0.67 0.67 0.67 0.67
  3 0.67 0.67 0.67 0.67 0.67
  4 0.67 0.67 0.67 0.67 0.67
  5 0.67 0.67 0.67 0.67 0.67
  6 0.67 0.67 0.67 0.67 0.67
  7 0.67 0.67 0.67 0.67 0.67
  8 0.67 0.67 0.67 0.67 0.67


Table 7 FRACTION OF NATURAL MORTALITY BEFORE SPAWNING

Units  :  NA 
   year
age 1992 1993 1994 1995 1996 1997 1998 1999 2000 2001 2002 2003 2004 2005 2006
  0 0.67 0.67 0.67 0.67 0.67 0.67 0.67 0.67 0.67 0.67 0.67 0.67 0.67 0.67 0.67
  1 0.67 0.67 0.67 0.67 0.67 0.67 0.67 0.67 0.67 0.67 0.67 0.67 0.67 0.67 0.67
  2 0.67 0.67 0.67 0.67 0.67 0.67 0.67 0.67 0.67 0.67 0.67 0.67 0.67 0.67 0.67
  3 0.67 0.67 0.67 0.67 0.67 0.67 0.67 0.67 0.67 0.67 0.67 0.67 0.67 0.67 0.67
  4 0.67 0.67 0.67 0.67 0.67 0.67 0.67 0.67 0.67 0.67 0.67 0.67 0.67 0.67 0.67
  5 0.67 0.67 0.67 0.67 0.67 0.67 0.67 0.67 0.67 0.67 0.67 0.67 0.67 0.67 0.67
  6 0.67 0.67 0.67 0.67 0.67 0.67 0.67 0.67 0.67 0.67 0.67 0.67 0.67 0.67 0.67
  7 0.67 0.67 0.67 0.67 0.67 0.67 0.67 0.67 0.67 0.67 0.67 0.67 0.67 0.67 0.67
  8 0.67 0.67 0.67 0.67 0.67 0.67 0.67 0.67 0.67 0.67 0.67 0.67 0.67 0.67 0.67
   year
age 2007 2008 2009 2010 2011
  0 0.67 0.67 0.67 0.67 0.67
  1 0.67 0.67 0.67 0.67 0.67
  2 0.67 0.67 0.67 0.67 0.67
  3 0.67 0.67 0.67 0.67 0.67
  4 0.67 0.67 0.67 0.67 0.67
  5 0.67 0.67 0.67 0.67 0.67
  6 0.67 0.67 0.67 0.67 0.67
  7 0.67 0.67 0.67 0.67 0.67
  8 0.67 0.67 0.67 0.67 0.67


Table 8 SURVEY INDICES

SCAI - Configuration

Spawning component abundance index
      min       max plusgroup   minyear   maxyear    startf      endf 
       NA        NA        NA      1992      2011        NA        NA 
Index type : biomass

SCAI - Index Values

Units  :  NA 
     year
age      1992     1993     1994     1995     1996     1997     1998     1999
  all 7395.23 5014.908 4299.909 5387.032 7016.717 10176.78 13334.14 14337.54
     year
age       2000     2001     2002     2003     2004     2005     2006     2007
  all 16375.35 21908.42 26259.78 34623.69 38037.62 32361.66 30073.28 30985.21
     year
age       2008     2009     2010     2011
  all 38571.01 49553.53 51363.65 53594.87

HERAS - Configuration

Herring in Sub-area IV, Divisions VIId & IIIa (autumn-spawners) . Imported from VPA file.
      min       max plusgroup   minyear   maxyear    startf      endf 
     1.00      8.00      8.00   1992.00   2011.00      0.54      0.56 
Index type : number

HERAS - Index Values

Units  :  NA 
   year
age    1992    1993    1994    1995    1996    1997    1998    1999     2000
  1      -1      -1      -1      -1      -1 9361000 4449000 5087000 24736000
  2 3734000 2984000 3185000 3849000 4497000 5960000 5747000 3078000  2923000
  3 1378000 1637000  839000 2041000 2824000 2935000 2520000 4725000  2156000
  4 1147000  902000  399000  672000 1087000 1441000 1625000 1116000  3140000
  5 1134000  741000  381000  299000  311000  601000  982000  506000  1007000
  6 1246000  777000  321000  203000   99000  215000  445000  314000   483000
  7  395000  551000  326000  138000   83000   46000  170000  139000   266000
  8  218000  296000  350000  212000  339000  237000  166000  141000   217000
   year
age     2001     2002     2003    2004    2005    2006    2007    2008    2009
  1  6837000 23055000  9829400 5183700 3114100 6822800 6261000 3714000 4655000
  2 12290000  4875000 18949400 3415900 2055100 3772300 2750000 2853000 5632000
  3  3083000  8220000  3081000 9191800 3648500 1997200 1848000 1709000 2553000
  4  1462000  1390000  4188900 2167300 5789600 2097500  898000 1485000 1023000
  5  1676000   794600   675100 2590700 1212900 4175100  806000  809000 1077000
  6   450000  1031000   494800  317100 1174900  618200 1323000  712000  674000
  7   170000   244400   568300  327600  139900  562100  243000 1749000  638000
  8   157000   270500   323200  527650  233200  154700  217000  455000 1720000
   year
age     2010     2011
  1 14577000 10119000
  2  4237000  4166000
  3  4216000  2534000
  4  2453000  2173000
  5  1246000  1016000
  6  1332000   651000
  7   688000   688000
  8  2729000  1737000

IBTS-Q1 - Configuration

Herring in Sub-area IV, Divisions VIId & IIIa (autumn-spawners) . Imported from VPA file.
      min       max plusgroup   minyear   maxyear    startf      endf 
     1.00      1.00        NA   1992.00   2012.00      0.08      0.17 
Index type : number

IBTS-Q1 - Index Values

Units  :  NA 
   year
age     1992     1993     1994     1995     1996     1997     1998    1999
  1 1268.145 2794.007 1752.053 1345.754 1890.872 4404.647 2275.845 752.862
   year
age     2000     2001     2002   2003    2004     2005    2006     2007    2008
  1 3725.131 2499.391 4064.829 2836.7 979.036 1010.443 892.843 1321.279 1791.55
   year
age     2009     2010     2011     2012
  1 2339.641 1323.363 2937.234 1352.965

IBTS0 - Configuration

Herring in Sub-area IV, Divisions VIId & IIIa (autumn-spawners) . Imported from VPA file.
      min       max plusgroup   minyear   maxyear    startf      endf 
     0.00      0.00        NA   1992.00   2012.00      0.08      0.17 
Index type : number

IBTS0 - Index Values

Units  :  NA 
   year
age  1992  1993  1994 1995  1996  1997 1998 1999  2000  2001  2002 2003 2004
  0 200.7 190.1 101.7  127 106.5 148.1 53.1  244 137.1 214.8 161.8 54.4 47.3
   year
age 2005 2006 2007 2008 2009 2010 2011 2012
  0 61.3 83.1 37.2 27.8 95.8 77.1   77   68


Table 9 STOCK OBJECT CONFIGURATION

      min       max plusgroup   minyear   maxyear   minfbar   maxfbar 
        0         8         8      1992      2011         2         6 


Table 10 sam CONFIGURATION SETTINGS

name           : North Sea Herring
desc           : Imported from a VPA file. ( ./data/index.txt ).  Fri May  4 12:16:13 2012 + FLSAM: North Sea Herring
range          :       min       max plusgroup   minyear   maxyear   minfbar   maxfbar 
range          :         0         8         8      1992      2012         2         6 
fleets         : catch unique         SCAI        HERAS      IBTS-Q1        IBTS0 
fleets         :            0            3            2            2            2 
plus.group     : TRUE
states         :               age
states         : fleet           0  1  2  3  4  5  6  7  8
states         :   catch unique  0  1  2  3  4  5  6  7  7
states         :   SCAI         -1 -1 -1 -1 -1 -1 -1 -1 -1
states         :   HERAS        -1 -1 -1 -1 -1 -1 -1 -1 -1
states         :   IBTS-Q1      -1 -1 -1 -1 -1 -1 -1 -1 -1
states         :   IBTS0        -1 -1 -1 -1 -1 -1 -1 -1 -1
logN.vars      : 0 1 1 1 1 1 1 1 1
logP.vars      : 
catchabilities :               age
catchabilities : fleet           0  1  2  3  4  5  6  7  8
catchabilities :   catch unique -1 -1 -1 -1 -1 -1 -1 -1 -1
catchabilities :   SCAI          0 -1 -1 -1 -1 -1 -1 -1 -1
catchabilities :   HERAS        -1  1  2  3  4  5  6  7  7
catchabilities :   IBTS-Q1      -1  8 -1 -1 -1 -1 -1 -1 -1
catchabilities :   IBTS0         9 -1 -1 -1 -1 -1 -1 -1 -1
power.law.exps :               age
power.law.exps : fleet           0  1  2  3  4  5  6  7  8
power.law.exps :   catch unique -1 -1 -1 -1 -1 -1 -1 -1 -1
power.law.exps :   SCAI         -1 -1 -1 -1 -1 -1 -1 -1 -1
power.law.exps :   HERAS        -1 -1 -1 -1 -1 -1 -1 -1 -1
power.law.exps :   IBTS-Q1      -1 -1 -1 -1 -1 -1 -1 -1 -1
power.law.exps :   IBTS0        -1 -1 -1 -1 -1 -1 -1 -1 -1
f.vars         :               age
f.vars         : fleet           0  1  2  3  4  5  6  7  8
f.vars         :   catch unique  0  0  0  0  0  0  0  0  0
f.vars         :   SCAI         -1 -1 -1 -1 -1 -1 -1 -1 -1
f.vars         :   HERAS        -1 -1 -1 -1 -1 -1 -1 -1 -1
f.vars         :   IBTS-Q1      -1 -1 -1 -1 -1 -1 -1 -1 -1
f.vars         :   IBTS0        -1 -1 -1 -1 -1 -1 -1 -1 -1
obs.vars       :               age
obs.vars       : fleet           0  1  2  3  4  5  6  7  8
obs.vars       :   catch unique  0  0  0  0  0  0  0  0  0
obs.vars       :   SCAI          1 -1 -1 -1 -1 -1 -1 -1 -1
obs.vars       :   HERAS        -1  2  2  2  2  2  2  2  2
obs.vars       :   IBTS-Q1      -1  3 -1 -1 -1 -1 -1 -1 -1
obs.vars       :   IBTS0         4 -1 -1 -1 -1 -1 -1 -1 -1
srr            : 0
scaleNoYears   : 0
scaleYears     : NA
scalePars      : 
cor.F          : 2
cor.obs        : NA -1 -1 -1 -1 NA -1 NA -1 -1 NA -1 NA -1 -1 NA -1 NA -1 -1 NA -1 NA -1 -1 NA -1 NA -1 -1 NA -1 NA -1 -1 NA -1 NA -1 -1
cor.obs.Flag   : ID ID ID ID ID
biomassTreat   : -1 0 -1 -1 -1
timeout        : 3600
likFlag        : LN LN LN LN LN
fixVarToWeight : FALSE
simulate       : FALSE
residuals      : TRUE
sumFleets      : 


Table 11 FLR, R SOFTWARE VERSIONS

FLSAM.version                         2.1.0
FLCore.version                       2.6.10
R.version      R version 3.5.1 (2018-07-02)
platform                x86_64-pc-linux-gnu
run.date                2018-11-25 15:04:30

Table 12 STOCK SUMMARY

Year Recruitment      Low      High     TSB     Low    High     SSB     Low    High       Fbar    Low   High Landings Landings
           Age 0                                                                    (Ages 2-6)                             SOP
                                                                                             f      f      f   tonnes         
1992    58018537 44845306  75061381 3259539 2912445 3647999 1024480  881337 1190873     0.4227 0.3518 0.5078   716799   0.9950
1993    48390196 37609492  62261174 2951067 2603820 3344623  686222  582271  808731     0.5229 0.4371 0.6257   671397   1.0231
1994    34341049 26478499  44538311 2602012 2286059 2961633  775489  656742  915707     0.4883 0.4057 0.5876   568234   1.0498
1995    49483998 37325548  65602948 2523656 2204963 2888412  769030  644003  918331     0.4940 0.4045 0.6033   579371   1.0084
1996    42860629 32557840  56423692 2768122 2367138 3237032  918294  765535 1101535     0.2345 0.1885 0.2917   275098   0.9987
1997    27788062 20807944  37109692 2938755 2534006 3408153 1136845  952123 1357404     0.2044 0.1640 0.2549   264313   1.0006
1998    17679573 13022157  24002727 3119145 2707177 3593806 1343899 1138195 1586781     0.2546 0.2048 0.3165   391628   1.0018
1999    66144238 49525276  88339946 3203740 2787548 3682071 1445965 1220510 1713067     0.2226 0.1803 0.2748   363163   1.0000
2000    46246427 34898350  61284616 4027878 3489923 4648756 1387045 1174995 1637364     0.2338 0.1904 0.2872   388157   1.0004
2001    81981185 61437605 109394152 4505948 3900488 5205391 1886733 1600949 2223533     0.1986 0.1617 0.2439   374065   0.9901
2002    42861860 32323149  56836635 5313179 4598013 6139580 2251911 1913199 2650589     0.1846 0.1508 0.2259   394709   0.9974
2003    19709009 14803261  26240503 5557567 4814060 6415906 2274714 1947472 2656943     0.2069 0.1700 0.2518   482281   1.0153
2004    25222541 18901490  33657483 4730088 4114675 5437544 2246923 1922265 2626414     0.2452 0.2022 0.2974   587698   0.9985
2005    22604866 17109622  29865065 3904655 3414728 4464876 2012617 1704803 2376010     0.3166 0.2614 0.3833   663813   1.0033
2006    26434005 19942107  35039259 3203776 2798586 3667630 1577565 1334726 1864587     0.2626 0.2154 0.3200   514597   0.9950
2007    24224957 17827140  32918827 2753344 2385784 3177531 1280447 1075199 1524876     0.2327 0.1885 0.2872   406482   1.0056
2008    27296142 19838660  37556939 2757067 2362002 3218209 1339230 1121916 1598637     0.1478 0.1188 0.1840   257870   1.0040
2009    37671892 27811252  51028677 3248791 2761240 3822429 1686097 1408761 2018031     0.0775 0.0617 0.0972   168443   1.0023
2010    32573646 23363266  45414986 3800741 3213037 4495942 1743200 1441561 2107954     0.0818 0.0651 0.1028   187611   1.0034
2011    32898140 22258957  48622566 3978625 3320073 4767804 2200542 1804523 2683472     0.0977 0.0763 0.1250   226478   0.9938
2012    27858359 14963319  51866044 3980301 3185982 4972658 2247280 1761130 2867629     0.0978 0.0470 0.2032                  


Table 13 ESTIMATED FISHING MORTALITY

Units  :  f 
   year
age      1992      1993      1994      1995       1996       1997       1998
  0 0.2968102 0.3223587 0.2193082 0.1876709 0.07348276 0.02973254 0.03350029
  1 0.3151140 0.3487374 0.2539060 0.2339067 0.10655294 0.05314587 0.06864053
  2 0.4312503 0.5113975 0.4298654 0.4037435 0.19337480 0.12528344 0.16186511
  3 0.4043722 0.5172276 0.4924097 0.4941314 0.24483951 0.19148351 0.24163416
  4 0.4175340 0.5396521 0.5386918 0.5308313 0.25072598 0.22285987 0.27583901
  5 0.4040377 0.5030461 0.4889622 0.5261614 0.24738411 0.23917572 0.29803303
  6 0.4561185 0.5433194 0.4913565 0.5150593 0.23604685 0.24330783 0.29571397
  7 0.4543820 0.5285271 0.4450145 0.4346109 0.18022027 0.19285364 0.21693398
  8 0.4543820 0.5285271 0.4450145 0.4346109 0.18022027 0.19285364 0.21693398
   year
age       1999       2000       2001       2002       2003       2004
  0 0.03310082 0.03633763 0.03178601 0.02768119 0.03310303 0.04118576
  1 0.05959170 0.06012872 0.04754712 0.03894729 0.04350475 0.04700453
  2 0.14282270 0.14120931 0.10412752 0.08647638 0.09014988 0.09515308
  3 0.21779493 0.22104968 0.17518918 0.14570494 0.14824071 0.15379620
  4 0.24529091 0.26151709 0.22191142 0.20033087 0.21545717 0.23720806
  5 0.25947157 0.28141180 0.24787168 0.23899056 0.28173922 0.33759322
  6 0.24770077 0.26402698 0.24399103 0.25128004 0.29890332 0.40248658
  7 0.18200148 0.19725344 0.19914698 0.23400304 0.29150918 0.42819235
  8 0.18200148 0.19725344 0.19914698 0.23400304 0.29150918 0.42819235
   year
age       2005       2006       2007       2008       2009       2010
  0 0.06657936 0.04994977 0.04347513 0.04166876 0.02746278 0.03018443
  1 0.07026963 0.04786444 0.03951628 0.03464415 0.02150416 0.02303902
  2 0.13369403 0.10509588 0.09523033 0.08273439 0.05108521 0.05836754
  3 0.19466232 0.16360713 0.15169840 0.11010277 0.06116943 0.07053409
  4 0.29045835 0.24833611 0.22910437 0.14962557 0.07941007 0.08576352
  5 0.42420845 0.35160815 0.31508893 0.19232312 0.09778308 0.10145800
  6 0.53984694 0.44412757 0.37225910 0.20437859 0.09784420 0.09299267
  7 0.66553820 0.59452084 0.50896919 0.27147021 0.12989648 0.11071191
  8 0.66553820 0.59452084 0.50896919 0.27147021 0.12989648 0.11071191
   year
age       2011       2012
  0 0.03253457 0.03257161
  1 0.02301906 0.02304600
  2 0.06352216 0.06359092
  3 0.08339967 0.08348316
  4 0.10372776 0.10382379
  5 0.12505634 0.12516342
  6 0.11271416 0.11280342
  7 0.12789219 0.12798586
  8 0.12789219 0.12798586


Table 14 ESTIMATED POPULATION ABUNDANCE

Units  :  NA 
   year
age       1992       1993       1994       1995        1996       1997
  0 58018537.0 48390196.5 34341049.0 49483997.6 42860629.29 27788061.7
  1 11025681.9 17941634.0 13847074.2 11726472.8 17219433.85 17722691.5
  2  4350841.4  3663544.9  5613903.0  5425496.6  4736694.65  6719931.9
  3  1683018.1  1875596.6  1478793.5  2484203.5  2701998.60  2750616.4
  4  1298951.9   859615.3   766039.9   687481.0  1053276.91  1505586.2
  5  1240580.0   654223.2   364148.9   310070.8   302199.66   603162.2
  6  1140050.2   636941.9   294076.1   166882.2   120349.58   175857.3
  7   441896.8   530850.0   269188.7   133899.6    71021.62    65643.6
  8   200060.3   318086.7   362020.8   285500.5   194972.33   163731.6
   year
age        1998       1999       2000       2001       2002       2003
  0 17679572.69 66144238.0 46246426.7 81981185.3 42861859.9 19709008.8
  1 12643976.54  8168253.8 29372429.2 17312710.6 34771731.9 16774838.4
  2  9052595.62  5329869.8  4653190.7 13383678.8  7801547.9 18186833.0
  3  3364050.63  5691876.8  2937531.9  3063670.6  8481891.2  4616335.2
  4  1480016.97  1690969.3  3281660.9  1625883.8  1759316.7  5142368.7
  5   812253.59   729772.2   953030.1  1759604.4   889442.0   983988.9
  6   353199.50   387628.8   412086.0   484454.5   968826.7   523493.1
  7    99910.94   170947.0   211507.1   219126.6   258274.4   536670.9
  8   127990.62   112651.6   147616.7   174446.1   231935.5   258984.4
   year
age       2004       2005       2006       2007       2008       2009
  0 25222541.4 22604865.9 26434005.5 24224956.5 27296141.6 37671891.7
  1  7496820.8  9921567.0  7786285.5  9421473.4  9784224.7 10658151.8
  2  6655716.5  3572439.5  4789678.3  3465783.9  4463977.6  5730078.1
  3 11432575.6  3958968.1  2303741.6  2949543.9  2137941.3  2685326.8
  4  2838843.4  7040560.7  2362350.9  1436528.2  1773910.5  1384224.2
  5  2989624.6  1604192.5  4084186.8  1296988.0   863934.2  1128648.5
  6   506569.4  1536496.9   781103.1  2199939.0   737745.0   538858.4
  7   303266.3   237183.1   654431.9   380795.3  1273128.9   482079.8
  8   406347.5   329866.7   220078.7   373009.3   411021.1  1197819.0
   year
age       2010       2011       2012
  0 32573645.9 32898139.9 27858359.1
  1 14664541.2 12633894.3 11739539.4
  2  5603120.8  7169763.6  6306024.2
  3  3972922.2  3681380.9  4590462.1
  4  1883273.2  2604339.8  2369543.5
  5   980665.0  1220581.8  1657049.8
  6   809807.9   652665.4   774099.8
  7   388899.7   539380.0   421537.4
  8  1301800.1  1203751.1  1115667.4


Table 15 PREDICTED CATCH NUMBERS AT AGE

Units  :  NA 
<0 x 0 matrix>


Table 16 CATCH AT AGE RESIDUALS

Units  :  NA 
<0 x 0 matrix>



Table 18 PREDICTED INDEX AT AGE catch unique

Units  :  NA 
   year
age        1992      1993       1994       1995       1996      1997       1998
  0 10252000.04 9251499.8 4705108.63 5910039.25 2103495.32 561354.00  400242.66
  1  2117770.29 3797468.6 2250001.22 1786524.79 1266539.75 667026.25  610862.63
  2  1304565.73 1257927.5 1677407.06 1537947.07  704391.22 665280.22 1134198.04
  3   487009.93  660025.3  499583.52  839542.93  503759.02 409247.91  615029.85
  4   389112.96  315234.5  279956.48  247867.64  202393.05 259240.88  306648.14
  5   364591.03  228943.1  124388.85  111893.23   57834.62 111475.82  181332.66
  6   370008.54  236695.0  100845.76   59220.54   22084.31  32997.60   78325.33
  7   143343.26  193489.0   85420.65   41559.02   10214.78   9998.60   16858.84
  8    64895.91  115939.1  114878.70   88612.11   28042.17  24939.02   21596.96
   year
age       1999       2000       2001      2002       2003      2004       2005
  0 1465632.84 1108122.64 1704456.01 772460.21  420956.82  664307.9  948048.64
  1  342301.33 1230885.63  574179.89 947504.69  509155.79  245763.3  482802.78
  2  590946.11  506792.25 1088297.15 530188.70 1284800.00  495335.9  367734.81
  3  943705.81  490874.90  412749.72 961554.11  531161.71 1361218.6  586313.31
  4  314352.60  642005.87  273697.90 269424.44  839864.15  505231.5 1499064.75
  5  143571.80  200097.66  328981.00 160635.50  205185.85  728415.6  473220.61
  6   73214.10   81870.05   89401.03 183171.43  115088.26  143235.2  549728.97
  7   24465.30   32385.11   33712.98  45873.51  115571.90   90320.2   99356.17
  8   16122.28   22602.46   26838.81  41195.31   55772.21  121020.4  138181.39
   year
age       2006     2007     2008      2009      2010      2011      2012
  0  834112.34 665056.0 717594.5 656329.06 623269.01 678665.30 575343.58
  1  261652.26 263819.3 242613.2 166634.42 248268.34 209621.89 195008.38
  2  393790.34 260472.8 294890.9 238964.98 268445.14 367449.53 323522.52
  3  291384.33 348828.5 187834.2 134802.60 230446.44 248318.51 309936.32
  4  438831.94 248903.0 208840.8  89747.46 132214.22 217322.46 197903.86
  5 1032741.87 299543.7 129251.7  90161.36  81678.42 122612.21 166591.41
  6  240064.68 586628.9 116962.1  43201.28  62267.73  59592.90  70733.76
  7  252866.88 131084.0 260773.9  50717.92  35444.63  55646.58  43519.00
  8   85036.53 128403.8  84189.1 126018.33 118647.12 124188.20 115180.12


Table 19 INDEX AT AGE RESIDUALS catch unique

Units  :  NA 
   year
age      1992        1993       1994         1995       1996       1997
  0 1.6317258 -0.02729393 -1.3166433  0.605874385 -1.7431598 -2.6934807
  1 1.7992991 -0.72037622 -1.3341834 -0.452480892 -0.2347109 -0.6320411
  2 2.7401956  0.79912983  0.6170797 -0.052999884 -0.8418093  0.1983402
  3 2.2114296 -0.19545588  0.5295703 -0.008000259  0.1400852  1.1711010
  4 2.0813924  0.44546506  0.6258167 -0.140388067 -1.5678437  0.8262887
  5 3.0565529  0.08372705 -0.4245532  0.287146628 -0.2234372  0.4602233
  6 0.1200087  0.24834053 -0.4139469 -0.334087458 -1.3229247  0.3868287
  7 1.7970287 -0.38856612 -0.8146890 -0.433794968 -1.7606960  0.4195684
  8 0.3552371  0.64319147  0.1447089  0.052405234 -1.2314530  0.1951842
   year
age       1998       1999         2000        2001       2002       2003
  0 -1.1917350  2.3877241 -0.353918125  0.76310895 -1.2367204 -1.1434874
  1  2.9301734 -1.1682612 -0.004049942 -1.44668246 -0.1518640  0.6845291
  2  0.6142192 -0.9902858  1.500635202 -1.63019940  0.1573198  0.3937066
  3 -1.7196355  0.8189950 -0.803204507  1.57493074  0.2170574 -0.3033350
  4 -0.6840003 -0.9605323  0.345228713  0.28492082  0.5023501  0.4060839
  5 -0.1317190 -0.7944875  0.347366470  0.02376048 -0.2744560  0.9855665
  6  0.7322264 -1.0461715 -0.016790727 -0.07011043  0.2095521  0.2458030
  7 -0.5914068 -0.1697049  0.183805066  0.82049673  0.8647610  0.6448261
  8 -0.4184779 -1.4329865 -1.741249856 -1.60310801  0.6987607 -0.8669546
   year
age       2004       2005        2006        2007        2008          2009
  0  0.9400039  0.7815726 -0.19809957 -0.47939878  0.48117992 -0.0575179517
  1 -1.1990465  1.3689812 -2.01302498 -0.97207446 -0.12769486 -0.4867285074
  2 -0.9119392 -0.2150460  0.83534233 -0.16068542  0.03114803  0.3297147963
  3  0.4733576 -1.1805527  0.92542089  1.04263385 -1.42439419 -2.4766735473
  4  0.8979303 -0.2344643  0.25251187  0.72207665 -1.31218671 -0.6616244192
  5  0.8382751  0.4378945  0.07882492 -0.21978650 -0.36188489 -0.8863160394
  6  1.0034907  0.6762536  0.13962126  0.05081513 -0.80924131 -1.2701556726
  7  1.7933606  1.3539242  0.40326685  0.72839817 -0.38500513  0.0008799576
  8 -0.9675653  0.3636490  0.90237737  0.77885176  1.84410277  1.0620267302
   year
age        2010       2011 2012
  0 -0.15433583  0.4347869    0
  1  0.58975247 -0.8627509    0
  2  0.58015324  0.2909517    0
  3  0.28801193  0.9894804    0
  4 -0.43133225  0.2548669    0
  5  0.06830068  0.4012805    0
  6 -0.32916315  0.2683061    0
  7 -0.80909688 -0.5070333    0
  8  0.01848972  0.4023421    0


Table 20 PREDICTED INDEX AT AGE SCAI

Units  :  NA 
     year
age       1992     1993     1994     1995     1996     1997     1998     1999
  all 13431.11 8996.482 10166.79 10082.12 12038.99 14904.23 17618.75 18956.85
     year
age      2000     2001     2002     2003     2004     2005     2006     2007
  all 18184.4 24735.39 29522.94 29821.88 29457.55 26385.75 20682.14 16786.88
     year
age       2008     2009     2010     2011
  all 17557.53 22105.02 22853.64 28849.48


Table 21 INDEX AT AGE RESIDUALS SCAI

Units  :  NA 
     year
age       1992      1993      1994      1995      1996      1997       1998
  all 3.548155 -1.301982 -2.385428 -1.170814 -1.007959 -0.970897 -0.9524159
     year
age         1999       2000       2001      2002      2003      2004     2005
  all -0.8013548 -0.1022724 -0.1127692 -0.110042 0.4094734 0.5029616 0.668528
     year
age       2006    2007     2008     2009     2010     2011
  all 1.250089 1.38044 1.945306 2.057921 1.835668 1.038679


Table 22 PREDICTED INDEX AT AGE HERAS

Units  :  NA 
   year
age      1992      1993      1994      1995       1996        1997      1998
  1 5229746.4 8461163.5 7005026.6 6069953.5 9602440.67 10206492.88 7225873.1
  2 2795782.8 2251902.0 3606126.0 3529390.6 3447442.99  5053623.81 6640620.9
  3 1295374.1 1354621.6 1079459.7 1806168.3 2244951.88  2341885.62 2773323.7
  4 1048213.6  647838.2  576102.7  517787.4  921745.18  1330529.44 1263872.4
  5 1112360.2  554811.5  310462.7  258269.9  292171.52   582348.51  755121.4
  6 1078113.1  573057.9  271425.3  151541.5  126864.95   183595.59  356403.3
  7  454089.7  522295.3  276216.3  137653.5   83608.69    76322.87  114053.2
  8  205580.4  312960.6  371471.8  293504.7  229527.01   190368.38  146107.5
   year
age      1999       2000      2001       2002       2003      2004      2005
  1 4662852.1 16579014.1 9782303.6 19722565.7  9481052.1 4235253.6 5555173.9
  2 3923615.7  3398737.4 9923024.8  5828392.3 13540583.9 4943973.1 2603843.8
  3 4727462.7  2419141.3 2576063.7  7233182.6  3925315.6 9690926.3 3285711.5
  4 1459847.0  2788445.9 1405241.7  1534856.7  4440565.9 2420855.3 5834994.6
  5  688566.9   881693.1 1649741.3   835817.5   901417.7 2654806.4 1359774.1
  6  399173.9   417557.4  493966.6   981592.9   515816.2  471438.7 1327756.8
  7  197715.2   240849.1  248095.8   286224.1   575354.8  301613.4  207382.2
  8  130291.5   168095.2  197508.3   257034.9   277652.3  404132.9  288420.5
   year
age      2006      2007      2008      2009      2010      2011
  1 4435657.0 5430016.2 5710019.5 6342259.3 8841984.9 7437879.1
  2 3558745.2 2602364.1 3398967.3 4479373.8 4408526.0 5527179.5
  3 1949488.9 2521382.5 1879272.8 2440347.3 3619257.9 3288289.9
  4 2007126.1 1236996.5 1602418.4 1306716.8 1783260.1 2415734.7
  5 3610817.0 1174019.5  840856.6 1164640.6 1017740.9 1234518.0
  6  713252.6 2097810.6  775662.4  604822.1  918726.8  722722.3
  7  596723.8  365503.2 1400691.4  577570.9  474994.6  643145.2
  8  200672.1  358029.9  452203.8 1435085.0 1589993.5 1435327.2


Table 23 INDEX AT AGE RESIDUALS HERAS

Units  :  NA 
   year
age        1992       1993       1994       1995       1996        1997
  1  0.00000000  0.0000000  0.0000000  0.0000000  0.0000000  1.30513917
  2 -3.32253978  0.6440181 -1.1266803  0.9147034  1.3550696 -0.02475129
  3  1.25645981 -0.2851483 -1.6384464  0.1818018  0.6375670  0.31053946
  4  0.68629967  0.6718631 -2.1741372  0.8067274  0.1622550 -0.32326418
  5  2.43561285  0.7506996  0.4475203 -0.5331316 -0.4424597 -0.28923273
  6  0.06167597  0.8409439  0.2091426  0.3471356 -1.9060475  0.07601151
  7  1.33818755 -0.0413490  0.2735991 -0.4306325 -0.1809335 -2.52078426
  8  0.13185144 -0.3036595 -0.5822807 -1.4929688  1.4912582  0.69277945
   year
age        1998        1999       2000        2001        2002        2003
  1 -1.94739476  1.41038556  1.7707316 -1.39115900  0.91297425 -0.68829540
  2 -0.24761078 -1.09631416  0.1211431  1.47850705 -0.71736149  1.62192327
  3 -1.06982768  0.01014512 -0.2732411  1.03414316  0.92602564 -0.68572329
  4  0.20702078 -1.55858898  0.4653509  0.05940595 -0.30426786  0.09488644
  5  0.04145918 -1.89505476  0.1763932 -0.20555120 -0.04681335 -1.18023862
  6  0.04746529 -1.75100035  0.1974177 -0.94045716  0.12531978  0.26046397
  7  1.01700975 -2.32208332 -0.4555906 -2.16912704 -1.04985297 -0.30520735
  8 -0.18497637 -0.19043580  0.3235354 -1.34965795 -0.10172432  0.34607878
   year
age         2004        2005       2006        2007        2008        2009
  1  0.180526218 -2.39017724  1.9447699  0.44019732 -0.78145576  0.07109628
  2 -1.880070183 -0.26243774  0.4079251 -0.06961213 -0.78456091  1.56999410
  3  0.167326759  0.99912037  0.5099459 -1.25911261  0.08879962  0.51391222
  4  0.002803476  0.65847663  0.5726036 -0.67067845  0.45947230 -0.48272021
  5  0.241417967  0.05489623  1.4044730 -0.57743481  0.97576594  0.46870958
  6 -1.517231615 -0.11067821  0.3335158 -0.21113009  1.41987243  1.45857900
  7  0.339437056 -1.60127882  0.4380267  0.02063328  3.03359339  1.53008862
  8  0.890611567 -0.65582325 -0.6652666 -0.39665789  1.22203240  1.92257631
   year
age       2010       2011
  1  1.7662562  1.6013207
  2 -0.2668048 -1.4164016
  3  0.5444713 -1.2473225
  4  1.3702565 -0.5429148
  5  1.0163932 -0.8872966
  6  1.8233623 -0.4067389
  7  2.1111582  0.4026578
  8  2.7253055  0.8596772


Table 24 PREDICTED INDEX AT AGE IBTS-Q1

Units  :  NA 
   year
age     1992     1993     1994     1995     1996     1997     1998     1999
  1 1465.423 2381.495 1867.557 1589.821 2374.383 2461.727 1753.213 1132.323
   year
age     2000     2001     2002     2003    2004     2005     2006     2007
  1 4061.312 2394.393 4813.204 2320.153 1036.79 1369.339 1078.867 1308.896
   year
age     2008     2009     2010     2011     2012
  1 1363.159 1491.498 2058.303 1763.686 1638.829


Table 25 INDEX AT AGE RESIDUALS IBTS-Q1

Units  :  NA 
   year
age      1992      1993      1994       1995       1996     1997     1998
  1 0.7435349 0.1081456 0.2604775 -0.2068277 -0.7897234 2.564833 1.100576
   year
age       1999       2000      2001       2002        2003       2004
  1 -0.5389262 -0.4260048 0.1915671 -0.3939829 -0.02038301 -0.4766264
   year
age       2005      2006        2007     2008     2009      2010     2011
  1 -0.5802896 -0.783103 -0.07285085 1.627669 2.055697 -1.711522 1.631438
   year
age       2012
  1 -0.9045064


Table 26 PREDICTED INDEX AT AGE IBTS0

Units  :  NA 
   year
age    1992     1993     1994     1995     1996     1997    1998     1999
  0 152.342 126.9122 91.50227 132.5825 116.4834 75.89781 48.2129 179.8823
   year
age     2000     2001     2002     2003     2004     2005     2006     2007
  0 125.2165 221.4438 115.6182 53.02277 67.67638 60.38051 70.66896 64.75551
   year
age     2008     2009     2010     2011     2012
  0 72.94561 100.8395 87.17257 88.04781 74.55912


Table 27 INDEX AT AGE RESIDUALS IBTS0

Units  :  NA 
   year
age      1992      1993      1994      1995      1996     1997     1998
  0 0.6691148 0.3219132 0.6888698 0.2329224 0.6115572 2.709718 1.428665
   year
age     1999       2000        2001      2002      2003      2004       2005
  0 1.380387 -0.3110086 -0.06623363 0.3151768 -0.799363 -1.548089 -0.0881884
   year
age      2006      2007      2008      2009       2010      2011       2012
  0 0.1438775 -1.327875 -2.202024 0.2621356 -0.2393053 -1.002983 -0.3855897



Table 29 FIT PARAMETERS

           name        value    std.dev
1       logFpar  -4.33436712 0.13350653
2       logFpar  -0.14761468 0.09719681
3       logFpar  -0.01495443 0.08331534
4       logFpar   0.12940454 0.08352438
5       logFpar   0.17350151 0.08659227
6       logFpar   0.26181313 0.09393059
7       logFpar   0.34239629 0.10704643
8       logFpar   0.42137682 0.13146136
9       logFpar  -8.78987282 0.09134139
10      logFpar -12.70696821 0.10529273
11 logSdLogFsta  -0.98920461 0.14973084
12    logSdLogN  -0.71010356 0.18920727
13    logSdLogN  -1.99307333 0.15162558
14  logSdLogObs  -1.65425277 0.12320568
15  logSdLogObs  -0.64453025 0.16381088
16  logSdLogObs  -1.34507032 0.08241186
17  logSdLogObs  -1.18164850 0.17790761
18  logSdLogObs  -1.00559527 0.18620768
19   itrans_rho   1.62175412 0.20495198


Table 30 NEGATIVE LOG-LIKELIHOOD

167.444731557908


